2025-02-05 11:00:24.780571 - This URL is not a streamlit application
2025-02-05 14:01:17.350676 - Waking up streamlit application...
2025-02-05 17:51:28.666114 - An error occurred: Message:
Stacktrace:
	GetHandleVerifier [0x00007FF6745AE6D5+13397]
	Microsoft::Applications::Events::EventProperty::empty [0x00007FF67483B174+2060308]
	Microsoft::Applications::Events::EventProperty::empty [0x00007FF6747922D8+1368440]
	(No symbol) [0x00007FF674383219]
	(No symbol) [0x00007FF67438340B]
	(No symbol) [0x00007FF6743C4057]
	(No symbol) [0x00007FF6743A420F]
	(No symbol) [0x00007FF6743795BD]
	(No symbol) [0x00007FF6743C1B70]
	(No symbol) [0x00007FF6743A3F33]
	(No symbol) [0x00007FF674378B06]
	(No symbol) [0x00007FF674377DC0]
	(No symbol) [0x00007FF674378933]
	(No symbol) [0x00007FF674400184]
	(No symbol) [0x00007FF67449063F]
	(No symbol) [0x00007FF6744039C3]
	Microsoft::Applications::Events::EventProperty::to_string [0x00007FF6748F457D+279981]
	simdutf::get_active_implementation [0x00007FF6745377D1+409489]
	simdutf::get_active_implementation [0x00007FF674532AB4+389748]
	simdutf::get_active_implementation [0x00007FF674532BF9+390073]
	simdutf::get_active_implementation [0x00007FF6745261F6+338358]
	BaseThreadInitThunk [0x00007FF85E497374+20]
	RtlUserThreadStart [0x00007FF86025CC91+33]